<?xml version="1.0" encoding="UTF-8"?>
<!-- Generated by org.testng.reporters.JUnitReportReporter -->
<testsuite skipped="0" hostname="DESKTOP-CM3T0TE" name="tests_selenium.YoutubeTest" tests="1" failures="0" timestamp="06 вер. 2017 16:45:43 GMT" time="36.899" errors="0">
  <testcase name="testYoutube" time="36.899" classname="tests_selenium.YoutubeTest"/>
</testsuite> <!-- tests_selenium.YoutubeTest -->
