<?xml version="1.0" encoding="UTF-8"?>
<!-- Generated by org.testng.reporters.JUnitReportReporter -->
<testsuite skipped="0" hostname="DESKTOP-CM3T0TE" name="tests_selenium.test_google" tests="1" failures="0" timestamp="06 вер. 2017 17:10:32 GMT" time="35.399" errors="0">
  <testcase name="TestMethod" time="35.399" classname="tests_selenium.test_google"/>
</testsuite> <!-- tests_selenium.test_google -->
