<?xml version="1.0" encoding="UTF-8"?>
<!-- Generated by org.testng.reporters.JUnitReportReporter -->
<testsuite skipped="0" hostname="DESKTOP-CM3T0TE" name="tests_selenium.ExampleBefore" tests="3" failures="0" timestamp="12 вер. 2017 19:55:28 GMT" time="0.059" errors="0">
  <testcase name="validateMultiple" time="0.000" classname="tests_selenium.ExampleBefore"/>
  <testcase name="validateDifference" time="0.043" classname="tests_selenium.ExampleBefore"/>
  <testcase name="validateSum" time="0.016" classname="tests_selenium.ExampleBefore"/>
</testsuite> <!-- tests_selenium.ExampleBefore -->
