<?xml version="1.0" encoding="UTF-8"?>
<!-- Generated by org.testng.reporters.JUnitReportReporter -->
<testsuite skipped="0" hostname="DESKTOP-NIHEK5O" name="com.softserve.edu.RectangleTest" tests="1" failures="0" timestamp="27 Aug 2017 10:11:59 GMT" time="0.014" errors="0">
  <testcase name="Perimeter" time="0.014" classname="com.softserve.edu.RectangleTest"/>
</testsuite> <!-- com.softserve.edu.RectangleTest -->
