<?xml version="1.0" encoding="UTF-8"?>
<!-- Generated by org.testng.reporters.JUnitReportReporter -->
<testsuite skipped="0" hostname="DESKTOP-F3FS9N9" name="com.regres.tests.ActionActiveCoownersTest" tests="1" failures="0" timestamp="28 сен 2017 20:05:06 GMT" time="2.651" errors="0">
  <testcase name="checkSetRole" time="2.651" classname="com.regres.tests.ActionActiveCoownersTest"/>
</testsuite> <!-- com.regres.tests.ActionActiveCoownersTest -->
