<?xml version="1.0" encoding="UTF-8"?>
<!-- Generated by org.testng.reporters.JUnitReportReporter -->
<testsuite skipped="0" hostname="PETYAggg-PC" name="tests.selenium.GetUSDValue" tests="1" failures="0" timestamp="05 вер. 2017 06:10:38 GMT" time="15.015" errors="0">
  <testcase name="findGroup" time="15.015" classname="tests.selenium.GetUSDValue"/>
</testsuite> <!-- tests.selenium.GetUSDValue -->
