<?xml version="1.0" encoding="UTF-8"?>
<!-- Generated by org.testng.reporters.JUnitReportReporter -->
<testsuite skipped="0" hostname="DESKTOP-F3FS9N9" name="Selenium.Atqcq191" tests="1" failures="0" timestamp="13 сен 2017 18:54:11 GMT" time="1.003" errors="0">
  <testcase name="verifyCommisionerCommunity" time="1.003" classname="Selenium.Atqcq191"/>
</testsuite> <!-- Selenium.Atqcq191 -->
