<?xml version="1.0" encoding="UTF-8"?>
<!-- Generated by org.testng.reporters.JUnitReportReporter -->
<testsuite skipped="0" hostname="DESKTOP-F3FS9N9" name="Selenium.ErrorMessagesCreatingCoowner" tests="1" failures="0" timestamp="13 сен 2017 06:50:30 GMT" time="5.499" errors="0">
  <testcase name="testCreateCownerWithInvalidData" time="5.499" classname="Selenium.ErrorMessagesCreatingCoowner"/>
</testsuite> <!-- Selenium.ErrorMessagesCreatingCoowner -->
