<?xml version="1.0" encoding="UTF-8"?>
<!-- Generated by org.testng.reporters.JUnitReportReporter -->
<testsuite skipped="0" hostname="PETYAggg-PC" name="tests.selenium.ATQCQ158" tests="4" failures="0" timestamp="13 вер. 2017 08:32:32 GMT" time="20.005" errors="0">
  <testcase name="testCreateCommunity" time="4.507" classname="tests.selenium.ATQCQ158"/>
  <testcase name="testCreateCommunity" time="5.253" classname="tests.selenium.ATQCQ158"/>
  <testcase name="testCreateCommunity" time="6.174" classname="tests.selenium.ATQCQ158"/>
  <testcase name="testCreateCommunity" time="4.071" classname="tests.selenium.ATQCQ158"/>
</testsuite> <!-- tests.selenium.ATQCQ158 -->
