<?xml version="1.0" encoding="UTF-8"?>
<!-- Generated by org.testng.reporters.JUnitReportReporter -->
<testsuite name="com.softserve.edu.BrowsersTest" tests="2" time="55.398" ignored="0" failures="0" timestamp="06 вер. 2017 09:03:22 GMT" skipped="0" hostname="class88" errors="0">
  <testcase name="remoteDriver" time="51.543" classname="com.softserve.edu.BrowsersTest"/>
  <testcase name="findHTMLUnitTest" time="3.855" classname="com.softserve.edu.BrowsersTest"/>
</testsuite> <!-- com.softserve.edu.BrowsersTest -->
