<?xml version="1.0" encoding="UTF-8"?>
<!-- Generated by org.testng.reporters.JUnitReportReporter -->
<testsuite skipped="0" hostname="PETYAggg-PC" name="tests.selenium.ATQCQ157" tests="1" failures="0" timestamp="12 вер. 2017 16:12:01 GMT" time="9.839" errors="0">
  <testcase name="testCreationWithSameName" time="9.839" classname="tests.selenium.ATQCQ157"/>
</testsuite> <!-- tests.selenium.ATQCQ157 -->
