<?xml version="1.0" encoding="UTF-8"?>
<!-- Generated by org.testng.reporters.JUnitReportReporter -->
<testsuite skipped="0" hostname="PETYAggg-PC" name="tests.selenium.ATQCQ122" tests="4" failures="0" timestamp="11 вер. 2017 12:48:43 GMT" time="75.753" errors="0">
  <testcase name="invalidRegistrationNumber" time="19.192" classname="tests.selenium.ATQCQ122"/>
  <testcase name="invalidRegistrationNumber" time="19.001" classname="tests.selenium.ATQCQ122"/>
  <testcase name="invalidRegistrationNumber" time="18.635" classname="tests.selenium.ATQCQ122"/>
  <testcase name="invalidRegistrationNumber" time="18.925" classname="tests.selenium.ATQCQ122"/>
</testsuite> <!-- tests.selenium.ATQCQ122 -->
