<?xml version="1.0" encoding="UTF-8"?>
<!-- Generated by org.testng.reporters.JUnitReportReporter -->
<testsuite skipped="0" hostname="PETYAggg-PC" name="tests.selenium.ATQCQ159" tests="1" failures="0" timestamp="11 вер. 2017 19:42:07 GMT" time="2.250" errors="0">
  <testcase name="testClearButton" time="2.250" classname="tests.selenium.ATQCQ159"/>
</testsuite> <!-- tests.selenium.ATQCQ159 -->
