<?xml version="1.0" encoding="UTF-8"?>
<!-- Generated by org.testng.reporters.JUnitReportReporter -->
<testsuite skipped="0" hostname="DESKTOP-F3FS9N9" name="Selenium.Atqcq125" tests="4" failures="0" timestamp="17 сен 2017 10:52:50 GMT" time="14.364" errors="0">
  <testcase name="testAppearingErrorMessages" time="4.522" classname="Selenium.Atqcq125"/>
  <testcase name="testAppearingErrorMessages" time="6.107" classname="Selenium.Atqcq125"/>
  <testcase name="testClearRegistrationForm" time="1.801" classname="Selenium.Atqcq125"/>
  <testcase name="testClearRegistrationForm" time="1.934" classname="Selenium.Atqcq125"/>
</testsuite> <!-- Selenium.Atqcq125 -->
