<?xml version="1.0" encoding="UTF-8"?>
<!-- Generated by org.testng.reporters.JUnitReportReporter -->
<testsuite skipped="0" hostname="PETYAggg-PC" name="tests.selenium.ATQCQ159" tests="1" failures="0" timestamp="12 вер. 2017 16:12:01 GMT" time="2.795" errors="0">
  <testcase name="testClearButton" time="2.795" classname="tests.selenium.ATQCQ159"/>
</testsuite> <!-- tests.selenium.ATQCQ159 -->
