<?xml version="1.0" encoding="UTF-8"?>
<!-- Generated by org.testng.reporters.JUnitReportReporter -->
<testsuite skipped="0" hostname="PETYAggg-PC" name="tests.selenium.ATQCQ159" tests="1" failures="0" timestamp="04 вер. 2017 20:57:07 GMT" time="14.027" errors="0">
  <testcase name="findGroup" time="14.027" classname="tests.selenium.ATQCQ159"/>
</testsuite> <!-- tests.selenium.ATQCQ159 -->
