<?xml version="1.0" encoding="UTF-8"?>
<!-- Generated by org.testng.reporters.JUnitReportReporter -->
<testsuite skipped="0" hostname="DESKTOP-NIHEK5O" name="com.softserve.edu.BrowsersTest" tests="1" failures="0" timestamp="04 Sep 2017 18:00:16 GMT" time="11.448" errors="0">
  <testcase name="remoteDriver" time="11.448" classname="com.softserve.edu.BrowsersTest"/>
</testsuite> <!-- com.softserve.edu.BrowsersTest -->
