<?xml version="1.0" encoding="UTF-8"?>
<!-- Generated by org.testng.reporters.JUnitReportReporter -->
<testsuite skipped="0" hostname="PETYAggg-PC" name="tests.selenium.ATQCQ157" tests="1" failures="0" timestamp="11 вер. 2017 13:32:05 GMT" time="9.667" errors="0">
  <testcase name="testCreationWithSameName" time="9.667" classname="tests.selenium.ATQCQ157"/>
</testsuite> <!-- tests.selenium.ATQCQ157 -->
