<?xml version="1.0" encoding="UTF-8"?>
<!-- Generated by org.testng.reporters.JUnitReportReporter -->
<testsuite name="tests.selenium.ATQCQ159" tests="1" time="1.691" ignored="0" failures="0" timestamp="07 вер. 2017 07:25:58 GMT" skipped="0" hostname="class88" errors="0">
  <testcase name="testClearButton" time="1.691" classname="tests.selenium.ATQCQ159"/>
</testsuite> <!-- tests.selenium.ATQCQ159 -->
