<?xml version="1.0" encoding="UTF-8"?>
<!-- Generated by org.testng.reporters.JUnitReportReporter -->
<testsuite name="tests.selenium.ATQCQ158" tests="4" time="12.635" ignored="0" failures="0" timestamp="07 вер. 2017 07:24:45 GMT" skipped="0" hostname="class88" errors="0">
  <testcase name="createCommunity" time="3.020" classname="tests.selenium.ATQCQ158"/>
  <testcase name="createCommunity" time="3.396" classname="tests.selenium.ATQCQ158"/>
  <testcase name="createCommunity" time="2.901" classname="tests.selenium.ATQCQ158"/>
  <testcase name="createCommunity" time="3.318" classname="tests.selenium.ATQCQ158"/>
</testsuite> <!-- tests.selenium.ATQCQ158 -->
