<?xml version="1.0" encoding="UTF-8"?>
<!-- Generated by org.testng.reporters.JUnitReportReporter -->
<testsuite skipped="0" hostname="DESKTOP-NIHEK5O" name="edu.com.test.TestNGTest9" tests="1" failures="0" timestamp="29 Aug 2017 16:30:47 GMT" time="0.011" errors="0">
  <testcase name="parameterIntTest" time="0.011" classname="edu.com.test.TestNGTest9"/>
</testsuite> <!-- edu.com.test.TestNGTest9 -->
