<?xml version="1.0" encoding="UTF-8"?>
<!-- Generated by org.testng.reporters.JUnitReportReporter -->
<testsuite skipped="0" hostname="DESKTOP-NIHEK5O" name="edu.com.test.ConcurrencyTest2" tests="10" failures="0" timestamp="29 Aug 2017 16:37:53 GMT" time="0.193" errors="0">
  <testcase name="testParallelData" time="0.018" classname="edu.com.test.ConcurrencyTest2"/>
  <testcase name="testParallelData" time="0.024" classname="edu.com.test.ConcurrencyTest2"/>
  <testcase name="testParallelData" time="0.034" classname="edu.com.test.ConcurrencyTest2"/>
  <testcase name="testParallelData" time="0.016" classname="edu.com.test.ConcurrencyTest2"/>
  <testcase name="testParallelData" time="0.030" classname="edu.com.test.ConcurrencyTest2"/>
  <testcase name="testParallelData" time="0.020" classname="edu.com.test.ConcurrencyTest2"/>
  <testcase name="testParallelData" time="0.012" classname="edu.com.test.ConcurrencyTest2"/>
  <testcase name="testParallelData" time="0.013" classname="edu.com.test.ConcurrencyTest2"/>
  <testcase name="testParallelData" time="0.013" classname="edu.com.test.ConcurrencyTest2"/>
  <testcase name="testParallelData" time="0.013" classname="edu.com.test.ConcurrencyTest2"/>
</testsuite> <!-- edu.com.test.ConcurrencyTest2 -->
