<?xml version="1.0" encoding="UTF-8"?>
<!-- Generated by org.testng.reporters.JUnitReportReporter -->
<testsuite skipped="0" hostname="DESKTOP-F3FS9N9" name="Selenium.NewTest" tests="1" failures="0" timestamp="12 сен 2017 15:14:17 GMT" time="22.800" errors="0">
  <testcase name="setUp" time="22.800" classname="Selenium.NewTest"/>
</testsuite> <!-- Selenium.NewTest -->
