<?xml version="1.0" encoding="UTF-8"?>
<!-- Generated by org.testng.reporters.JUnitReportReporter -->
<testsuite skipped="0" hostname="DESKTOP-NIHEK5O" name="edu.com.test.TestNGTest5" tests="2" failures="0" timestamp="27 Aug 2017 12:27:00 GMT" time="0.026" errors="0">
  <testcase name="testingMethod1" time="0.021" classname="edu.com.test.TestNGTest5"/>
  <testcase name="testingMethod1_1" time="0.005" classname="edu.com.test.TestNGTest5"/>
</testsuite> <!-- edu.com.test.TestNGTest5 -->
