<?xml version="1.0" encoding="UTF-8"?>
<!-- Generated by org.testng.reporters.JUnitReportReporter -->
<testsuite skipped="0" hostname="DESKTOP-NIHEK5O" name="edu.com.test.TestNGTest2" tests="1" failures="0" timestamp="27 Aug 2017 12:56:04 GMT" time="0.002" errors="0">
  <testcase name="divisionWithException1" time="0.002" classname="edu.com.test.TestNGTest2"/>
</testsuite> <!-- edu.com.test.TestNGTest2 -->
