<?xml version="1.0" encoding="UTF-8"?>
<!-- Generated by org.testng.reporters.JUnitReportReporter -->
<testsuite name="com.softserve.edu.wait.Selenium3Javascript" tests="1" time="13.932" ignored="0" failures="0" timestamp="08 вер. 2017 08:00:49 GMT" skipped="0" hostname="class88" errors="0">
  <testcase name="testSelen" time="13.932" classname="com.softserve.edu.wait.Selenium3Javascript"/>
</testsuite> <!-- com.softserve.edu.wait.Selenium3Javascript -->
