<?xml version="1.0" encoding="UTF-8"?>
<!-- Generated by org.testng.reporters.JUnitReportReporter -->
<testsuite skipped="0" hostname="DESKTOP-NIHEK5O" name="LoginAdminTest" tests="2" failures="0" timestamp="10 Sep 2017 20:24:57 GMT" time="2.728" errors="0">
  <testcase name="checkValidLogin" time="1.529" classname="LoginAdminTest"/>
  <testcase name="checkInvalidLogin" time="1.199" classname="LoginAdminTest"/>
</testsuite> <!-- LoginAdminTest -->
