<?xml version="1.0" encoding="UTF-8"?>
<!-- Generated by org.testng.reporters.JUnitReportReporter -->
<testsuite skipped="0" hostname="DESKTOP-F3FS9N9" name="Selenium.ErrorMessagesCreatingCoowner" tests="2" failures="0" timestamp="13 сен 2017 10:21:09 GMT" time="10.994" errors="0">
  <testcase name="testAppiaringErrorMessages" time="5.940" classname="Selenium.ErrorMessagesCreatingCoowner"/>
  <testcase name="testAppiaringErrorMessages" time="5.054" classname="Selenium.ErrorMessagesCreatingCoowner"/>
</testsuite> <!-- Selenium.ErrorMessagesCreatingCoowner -->
