<?xml version="1.0" encoding="UTF-8"?>
<!-- Generated by org.testng.reporters.JUnitReportReporter -->
<testsuite skipped="0" hostname="PETYAggg-PC" name="GetUSDValue" tests="1" failures="0" timestamp="03 вер. 2017 19:37:55 GMT" time="105.752" errors="0">
  <testcase name="findGroup" time="105.752" classname="GetUSDValue"/>
</testsuite> <!-- GetUSDValue -->
