<?xml version="1.0" encoding="UTF-8"?>
<!-- Generated by org.testng.reporters.JUnitReportReporter -->
<testsuite skipped="0" hostname="DESKTOP-NIHEK5O" name="edu.com.test.CharUtilsTest" tests="24" failures="0" timestamp="29 Aug 2017 16:32:45 GMT" time="0.051" errors="0">
  <testcase name="charToASCIITest" time="0.001" classname="edu.com.test.CharUtilsTest"/>
  <testcase name="ASCIIToCharTest" time="0.001" classname="edu.com.test.CharUtilsTest"/>
  <testcase name="ASCIIToCharTest" time="0.001" classname="edu.com.test.CharUtilsTest"/>
  <testcase name="charToASCIITest" time="0.002" classname="edu.com.test.CharUtilsTest"/>
  <testcase name="charToASCIITest" time="0.001" classname="edu.com.test.CharUtilsTest"/>
  <testcase name="charToASCIITest" time="0.004" classname="edu.com.test.CharUtilsTest"/>
  <testcase name="ASCIIToCharTest" time="0.004" classname="edu.com.test.CharUtilsTest"/>
  <testcase name="ASCIIToCharTest" time="0.001" classname="edu.com.test.CharUtilsTest"/>
  <testcase name="ASCIIToCharTest" time="0.016" classname="edu.com.test.CharUtilsTest"/>
  <testcase name="charToASCIITest" time="0.001" classname="edu.com.test.CharUtilsTest"/>
  <testcase name="charToASCIITest" time="0.001" classname="edu.com.test.CharUtilsTest"/>
  <testcase name="ASCIIToCharTest" time="0.001" classname="edu.com.test.CharUtilsTest"/>
  <testcase name="ASCIIToCharTest" time="0.001" classname="edu.com.test.CharUtilsTest"/>
  <testcase name="ASCIIToCharTest" time="0.001" classname="edu.com.test.CharUtilsTest"/>
  <testcase name="ASCIIToCharTest" time="0.001" classname="edu.com.test.CharUtilsTest"/>
  <testcase name="charToASCIITest" time="0.001" classname="edu.com.test.CharUtilsTest"/>
  <testcase name="ASCIIToCharTest" time="0.002" classname="edu.com.test.CharUtilsTest"/>
  <testcase name="charToASCIITest" time="0.001" classname="edu.com.test.CharUtilsTest"/>
  <testcase name="charToASCIITest" time="0.001" classname="edu.com.test.CharUtilsTest"/>
  <testcase name="charToASCIITest" time="0.001" classname="edu.com.test.CharUtilsTest"/>
  <testcase name="ASCIIToCharTest" time="0.001" classname="edu.com.test.CharUtilsTest"/>
  <testcase name="charToASCIITest" time="0.003" classname="edu.com.test.CharUtilsTest"/>
  <testcase name="charToASCIITest" time="0.001" classname="edu.com.test.CharUtilsTest"/>
  <testcase name="ASCIIToCharTest" time="0.003" classname="edu.com.test.CharUtilsTest"/>
</testsuite> <!-- edu.com.test.CharUtilsTest -->
