<?xml version="1.0" encoding="UTF-8"?>
<!-- Generated by org.testng.reporters.JUnitReportReporter -->
<testsuite skipped="0" hostname="DESKTOP-F3FS9N9" name="Selenium.testSoft1" tests="1" failures="0" timestamp="04 сен 2017 18:45:10 GMT" time="2.732" errors="0">
  <testcase name="checkATQC" time="2.732" classname="Selenium.testSoft1"/>
</testsuite> <!-- Selenium.testSoft1 -->
