<?xml version="1.0" encoding="UTF-8"?>
<!-- Generated by org.testng.reporters.JUnitReportReporter -->
<testsuite skipped="0" hostname="PETYAggg-PC" name="tests.selenium.ATQCQ158" tests="4" failures="0" timestamp="05 вер. 2017 19:19:38 GMT" time="19.605" errors="0">
  <testcase name="findGroup" time="4.697" classname="tests.selenium.ATQCQ158"/>
  <testcase name="findGroup" time="4.580" classname="tests.selenium.ATQCQ158"/>
  <testcase name="findGroup" time="5.684" classname="tests.selenium.ATQCQ158"/>
  <testcase name="findGroup" time="4.644" classname="tests.selenium.ATQCQ158"/>
</testsuite> <!-- tests.selenium.ATQCQ158 -->
