<?xml version="1.0" encoding="UTF-8"?>
<!-- Generated by org.testng.reporters.JUnitReportReporter -->
<testsuite skipped="0" hostname="DESKTOP-NIHEK5O" name="edu.com.test.TestNGTest7" tests="3" failures="0" timestamp="29 Aug 2017 16:28:37 GMT" time="0.022" errors="0">
  <testcase name="parameterIntTest" time="0.008" classname="edu.com.test.TestNGTest7"/>
  <testcase name="parameterIntTest" time="0.012" classname="edu.com.test.TestNGTest7"/>
  <testcase name="parameterIntTest" time="0.002" classname="edu.com.test.TestNGTest7"/>
</testsuite> <!-- edu.com.test.TestNGTest7 -->
