<?xml version="1.0" encoding="UTF-8"?>
<!-- Generated by org.testng.reporters.JUnitReportReporter -->
<testsuite skipped="0" hostname="PETYAggg-PC" name="tests.selenium.ATQCQ122" tests="4" failures="0" timestamp="11 вер. 2017 19:39:24 GMT" time="43.885" errors="0">
  <testcase name="invalidRegistrationNumber" time="11.033" classname="tests.selenium.ATQCQ122"/>
  <testcase name="invalidRegistrationNumber" time="10.617" classname="tests.selenium.ATQCQ122"/>
  <testcase name="invalidRegistrationNumber" time="11.010" classname="tests.selenium.ATQCQ122"/>
  <testcase name="invalidRegistrationNumber" time="11.225" classname="tests.selenium.ATQCQ122"/>
</testsuite> <!-- tests.selenium.ATQCQ122 -->
