<?xml version="1.0" encoding="UTF-8"?>
<!-- Generated by org.testng.reporters.JUnitReportReporter -->
<testsuite skipped="0" hostname="DESKTOP-F3FS9N9" name="Selenium.CreateCoowner" tests="1" failures="0" timestamp="06 сен 2017 17:13:18 GMT" time="6.507" errors="0">
  <testcase name="testCreateCowner" time="6.507" classname="Selenium.CreateCoowner"/>
</testsuite> <!-- Selenium.CreateCoowner -->
