<?xml version="1.0" encoding="UTF-8"?>
<!-- Generated by org.testng.reporters.JUnitReportReporter -->
<testsuite skipped="0" hostname="DESKTOP-F3FS9N9" name="Selenium.Atqcq125" tests="4" failures="0" timestamp="13 сен 2017 16:58:35 GMT" time="33.282" errors="0">
  <testcase name="testAppearingErrorMessages" time="12.273" classname="Selenium.Atqcq125"/>
  <testcase name="testAppearingErrorMessages" time="10.915" classname="Selenium.Atqcq125"/>
  <testcase name="testClearRegistrationForm" time="5.254" classname="Selenium.Atqcq125"/>
  <testcase name="testClearRegistrationForm" time="4.840" classname="Selenium.Atqcq125"/>
</testsuite> <!-- Selenium.Atqcq125 -->
