<?xml version="1.0" encoding="UTF-8"?>
<!-- Generated by org.testng.reporters.JUnitReportReporter -->
<testsuite skipped="0" hostname="DESKTOP-NIHEK5O" name="edu.com.test.TestNGTest1" tests="2" failures="0" timestamp="27 Aug 2017 12:22:04 GMT" time="0.032" errors="0">
  <testcase name="testOneItemCollection" time="0.005" classname="edu.com.test.TestNGTest1"/>
  <testcase name="testEmptyCollection" time="0.027" classname="edu.com.test.TestNGTest1"/>
</testsuite> <!-- edu.com.test.TestNGTest1 -->
