<?xml version="1.0" encoding="UTF-8"?>
<!-- Generated by org.testng.reporters.JUnitReportReporter -->
<testsuite skipped="0" hostname="DESKTOP-F3FS9N9" name="Test.CommisionerPageTest" tests="1" failures="0" timestamp="16 сен 2017 15:11:45 GMT" time="2.403" errors="0">
  <testcase name="clickCoowners" time="2.403" classname="Test.CommisionerPageTest"/>
</testsuite> <!-- Test.CommisionerPageTest -->
