<?xml version="1.0" encoding="UTF-8"?>
<!-- Generated by org.testng.reporters.JUnitReportReporter -->
<testsuite skipped="0" hostname="PETYAggg-PC" name="tests.selenium.ATQCQ158" tests="4" failures="0" timestamp="11 вер. 2017 20:38:03 GMT" time="17.486" errors="0">
  <testcase name="testCreateCommunity" time="3.977" classname="tests.selenium.ATQCQ158"/>
  <testcase name="testCreateCommunity" time="5.012" classname="tests.selenium.ATQCQ158"/>
  <testcase name="testCreateCommunity" time="4.579" classname="tests.selenium.ATQCQ158"/>
  <testcase name="testCreateCommunity" time="3.918" classname="tests.selenium.ATQCQ158"/>
</testsuite> <!-- tests.selenium.ATQCQ158 -->
