<?xml version="1.0" encoding="UTF-8"?>
<!-- Generated by org.testng.reporters.JUnitReportReporter -->
<testsuite skipped="0" hostname="PETYAggg-PC" name="tests.selenium.ATQCQ122" tests="6" failures="0" timestamp="13 вер. 2017 20:08:15 GMT" time="39.911" errors="0">
  <testcase name="invalidRegistrationNumber" time="6.661" classname="tests.selenium.ATQCQ122"/>
  <testcase name="invalidRegistrationNumber" time="6.678" classname="tests.selenium.ATQCQ122"/>
  <testcase name="invalidRegistrationNumber" time="6.646" classname="tests.selenium.ATQCQ122"/>
  <testcase name="invalidRegistrationNumber" time="6.659" classname="tests.selenium.ATQCQ122"/>
  <testcase name="invalidRegistrationNumber" time="6.630" classname="tests.selenium.ATQCQ122"/>
  <testcase name="invalidRegistrationNumber" time="6.637" classname="tests.selenium.ATQCQ122"/>
</testsuite> <!-- tests.selenium.ATQCQ122 -->
