<?xml version="1.0" encoding="UTF-8"?>
<!-- Generated by org.testng.reporters.JUnitReportReporter -->
<testsuite name="VerifyLogin" tests="5" time="12.978" ignored="0" failures="0" timestamp="07 вер. 2017 07:56:00 GMT" skipped="0" hostname="class88" errors="0">
  <testcase name="testValidLoginAndPassword" time="2.155" classname="VerifyLogin"/>
  <testcase name="testValidLoginAdnInvalidPass" time="1.932" classname="VerifyLogin"/>
  <testcase name="testInvalidLoginAdnInvalidPass" time="2.569" classname="VerifyLogin"/>
  <testcase name="testEmptyLoginAndPassword" time="4.515" classname="VerifyLogin"/>
  <testcase name="testInvalidLoginAdnValidPass" time="1.807" classname="VerifyLogin"/>
</testsuite> <!-- VerifyLogin -->
