<?xml version="1.0" encoding="UTF-8"?>
<!-- Generated by org.testng.reporters.JUnitReportReporter -->
<testsuite skipped="0" hostname="DESKTOP-NIHEK5O" name="com.softserve.edu.wait.Selenium4Ajax" tests="1" failures="0" timestamp="07 Sep 2017 19:47:05 GMT" time="27.410" errors="0">
  <testcase name="Ajax" time="27.410" classname="com.softserve.edu.wait.Selenium4Ajax"/>
</testsuite> <!-- com.softserve.edu.wait.Selenium4Ajax -->
