<?xml version="1.0" encoding="UTF-8"?>
<!-- Generated by org.testng.reporters.JUnitReportReporter -->
<testsuite skipped="0" hostname="DESKTOP-NIHEK5O" name="com.edu.ManageUser" tests="1" failures="0" timestamp="10 Sep 2017 12:21:08 GMT" time="18.168" errors="0">
  <testcase name="test01CreateNewUser" time="18.168" classname="com.edu.ManageUser"/>
</testsuite> <!-- com.edu.ManageUser -->
