<?xml version="1.0" encoding="UTF-8"?>
<!-- Generated by org.testng.reporters.JUnitReportReporter -->
<testsuite skipped="0" hostname="DESKTOP-F3FS9N9" name="Selenium.testSoft1" tests="1" failures="0" timestamp="05 сен 2017 07:53:16 GMT" time="4.851" errors="0">
  <testcase name="checkATQC" time="4.851" classname="Selenium.testSoft1"/>
</testsuite> <!-- Selenium.testSoft1 -->
