<?xml version="1.0" encoding="UTF-8"?>
<!-- Generated by org.testng.reporters.JUnitReportReporter -->
<testsuite skipped="0" hostname="PETYAggg-PC" name="tests.selenium.ATQCQ158" tests="4" failures="0" timestamp="13 вер. 2017 20:08:16 GMT" time="17.037" errors="0">
  <testcase name="testCreateCommunity" time="4.062" classname="tests.selenium.ATQCQ158"/>
  <testcase name="testCreateCommunity" time="3.869" classname="tests.selenium.ATQCQ158"/>
  <testcase name="testCreateCommunity" time="3.929" classname="tests.selenium.ATQCQ158"/>
  <testcase name="testCreateCommunity" time="5.177" classname="tests.selenium.ATQCQ158"/>
</testsuite> <!-- tests.selenium.ATQCQ158 -->
