<?xml version="1.0" encoding="UTF-8"?>
<!-- Generated by org.testng.reporters.JUnitReportReporter -->
<testsuite skipped="0" hostname="DESKTOP-F3FS9N9" name="Selenium.Atqcq161" tests="1" failures="0" timestamp="06 сен 2017 09:50:29 GMT" time="6.545" errors="0">
  <testcase name="test161" time="6.545" classname="Selenium.Atqcq161"/>
</testsuite> <!-- Selenium.Atqcq161 -->
