<?xml version="1.0" encoding="UTF-8"?>
<!-- Generated by org.testng.reporters.JUnitReportReporter -->
<testsuite skipped="0" hostname="DESKTOP-F3FS9N9" name="Selenium.Atqcq191" tests="1" failures="0" timestamp="11 сен 2017 15:26:05 GMT" time="1.037" errors="0">
  <testcase name="verifyCommisionerCommunity" time="1.037" classname="Selenium.Atqcq191"/>
</testsuite> <!-- Selenium.Atqcq191 -->
