<?xml version="1.0" encoding="UTF-8"?>
<!-- Generated by org.testng.reporters.JUnitReportReporter -->
<testsuite skipped="0" hostname="DESKTOP-F3FS9N9" name="Selenium.testSoft2" tests="1" failures="0" timestamp="05 сен 2017 06:13:21 GMT" time="7.197" errors="0">
  <testcase name="checkATQC" time="7.197" classname="Selenium.testSoft2"/>
</testsuite> <!-- Selenium.testSoft2 -->
