<?xml version="1.0" encoding="UTF-8"?>
<!-- Generated by org.testng.reporters.JUnitReportReporter -->
<testsuite name="com.softserve.edu.wait.Selenium4Ajax" tests="1" time="16.523" ignored="0" failures="0" timestamp="08 вер. 2017 07:51:34 GMT" skipped="0" hostname="class88" errors="0">
  <testcase name="Ajax" time="16.523" classname="com.softserve.edu.wait.Selenium4Ajax"/>
</testsuite> <!-- com.softserve.edu.wait.Selenium4Ajax -->
