<?xml version="1.0" encoding="UTF-8"?>
<!-- Generated by org.testng.reporters.JUnitReportReporter -->
<testsuite skipped="0" hostname="DESKTOP-F3FS9N9" name="Selenium.Atqcq191" tests="2" failures="0" timestamp="06 сен 2017 19:55:23 GMT" time="0.908" errors="0">
  <testcase name="testCommunitiesEqual" time="0.005" classname="Selenium.Atqcq191"/>
  <testcase name="verifyCommisionerCommunity" time="0.903" classname="Selenium.Atqcq191"/>
</testsuite> <!-- Selenium.Atqcq191 -->
