<?xml version="1.0" encoding="UTF-8"?>
<!-- Generated by org.testng.reporters.JUnitReportReporter -->
<testsuite skipped="0" hostname="DESKTOP-NIHEK5O" name="com.edu.OMS_Locators" tests="2" failures="0" timestamp="05 Sep 2017 19:29:53 GMT" time="30.810" errors="0">
  <testcase name="createUser" time="20.739" classname="com.edu.OMS_Locators"/>
  <testcase name="checkLogin" time="10.071" classname="com.edu.OMS_Locators"/>
</testsuite> <!-- com.edu.OMS_Locators -->
