<?xml version="1.0" encoding="UTF-8"?>
<!-- Generated by org.testng.reporters.JUnitReportReporter -->
<testsuite skipped="0" hostname="PETYAggg-PC" name="tests.selenium.ATQCQ158" tests="4" failures="0" timestamp="12 вер. 2017 16:12:01 GMT" time="19.542" errors="0">
  <testcase name="testCreateCommunity" time="5.735" classname="tests.selenium.ATQCQ158"/>
  <testcase name="testCreateCommunity" time="4.695" classname="tests.selenium.ATQCQ158"/>
  <testcase name="testCreateCommunity" time="4.433" classname="tests.selenium.ATQCQ158"/>
  <testcase name="testCreateCommunity" time="4.679" classname="tests.selenium.ATQCQ158"/>
</testsuite> <!-- tests.selenium.ATQCQ158 -->
