<?xml version="1.0" encoding="UTF-8"?>
<!-- Generated by org.testng.reporters.JUnitReportReporter -->
<testsuite skipped="0" hostname="DESKTOP-NIHEK5O" name="com.edu.OMS_Locators" tests="2" failures="0" timestamp="04 Sep 2017 17:50:23 GMT" time="28.449" errors="0">
  <testcase name="checkLogin" time="9.104" classname="com.edu.OMS_Locators"/>
  <testcase name="createUser" time="19.345" classname="com.edu.OMS_Locators"/>
</testsuite> <!-- com.edu.OMS_Locators -->
