<?xml version="1.0" encoding="UTF-8"?>
<!-- Generated by org.testng.reporters.JUnitReportReporter -->
<testsuite skipped="0" hostname="DESKTOP-JTO9J50" name="com.example.selenium.ide.tests.regres.SubclassDeleteTest" tests="5" failures="0" timestamp="12 вер. 2017 20:03:26 GMT" time="19.459" errors="0">
  <testcase name="testCancelDelettingBySystemConfirmByCloseButton" time="4.401" classname="com.example.selenium.ide.tests.regres.SubclassDeleteTest"/>
  <testcase name="testCancelDelettingBySystemConfirmByOKButton" time="4.027" classname="com.example.selenium.ide.tests.regres.SubclassDeleteTest"/>
  <testcase name="testCancelDelettingByCloseButton" time="4.163" classname="com.example.selenium.ide.tests.regres.SubclassDeleteTest"/>
  <testcase name="testDeleteByOkButton" time="3.206" classname="com.example.selenium.ide.tests.regres.SubclassDeleteTest"/>
  <testcase name="testCancelDelettingByCancelButton" time="3.662" classname="com.example.selenium.ide.tests.regres.SubclassDeleteTest"/>
</testsuite> <!-- com.example.selenium.ide.tests.regres.SubclassDeleteTest -->
