<?xml version="1.0" encoding="UTF-8"?>
<!-- Generated by org.testng.reporters.JUnitReportReporter -->
<testsuite skipped="0" hostname="PETYAggg-PC" name="tests.selenium.SoftServeScheduleTest" tests="1" failures="0" timestamp="11 вер. 2017 13:59:59 GMT" time="8.522" errors="0">
  <testcase name="findGroup" time="8.522" classname="tests.selenium.SoftServeScheduleTest"/>
</testsuite> <!-- tests.selenium.SoftServeScheduleTest -->
