<?xml version="1.0" encoding="UTF-8"?>
<!-- Generated by org.testng.reporters.JUnitReportReporter -->
<testsuite skipped="0" hostname="DESKTOP-NIHEK5O" name="com.edu.OMS_Locators" tests="2" failures="0" timestamp="10 Sep 2017 20:25:50 GMT" time="28.332" errors="0">
  <testcase name="checkLogin" time="7.883" classname="com.edu.OMS_Locators"/>
  <testcase name="createUser" time="20.449" classname="com.edu.OMS_Locators"/>
</testsuite> <!-- com.edu.OMS_Locators -->
