<?xml version="1.0" encoding="UTF-8"?>
<!-- Generated by org.testng.reporters.JUnitReportReporter -->
<testsuite skipped="0" hostname="DESKTOP-F3FS9N9" name="com.regres.tests.ActionActiveSetCommunityTest" tests="1" failures="0" timestamp="28 сен 2017 21:32:19 GMT" time="0.204" errors="0">
  <testcase name="createDB" time="0.204" classname="com.regres.tests.ActionActiveSetCommunityTest"/>
</testsuite> <!-- com.regres.tests.ActionActiveSetCommunityTest -->
