<?xml version="1.0" encoding="UTF-8"?>
<!-- Generated by org.testng.reporters.JUnitReportReporter -->
<testsuite skipped="0" hostname="DESKTOP-NIHEK5O" name="com.softserve.edu.RectangleTest" tests="2" failures="0" timestamp="27 Aug 2017 12:06:57 GMT" time="0.018" errors="0">
  <testcase name="testPerimeter" time="0.003" classname="com.softserve.edu.RectangleTest"/>
  <testcase name="testNegativPeimetr" time="0.015" classname="com.softserve.edu.RectangleTest"/>
</testsuite> <!-- com.softserve.edu.RectangleTest -->
