<?xml version="1.0" encoding="UTF-8"?>
<!-- Generated by org.testng.reporters.JUnitReportReporter -->
<testsuite skipped="0" hostname="DESKTOP-F3FS9N9" name="Test.DropdownTest" tests="1" failures="0" timestamp="16 сен 2017 14:35:30 GMT" time="0.296" errors="0">
  <testcase name="clickDropdown" time="0.296" classname="Test.DropdownTest"/>
</testsuite> <!-- Test.DropdownTest -->
