<?xml version="1.0" encoding="UTF-8"?>
<!-- Generated by org.testng.reporters.JUnitReportReporter -->
<testsuite skipped="0" hostname="DESKTOP-F3FS9N9" name="Selenium.ErrorMessagesCreatingCoowner" tests="4" failures="0" timestamp="13 сен 2017 12:55:51 GMT" time="16.273" errors="0">
  <testcase name="testAppiaringErrorMessages" time="6.309" classname="Selenium.ErrorMessagesCreatingCoowner"/>
  <testcase name="testAppiaringErrorMessages" time="5.594" classname="Selenium.ErrorMessagesCreatingCoowner"/>
  <testcase name="testClearRegistrationForm" time="2.257" classname="Selenium.ErrorMessagesCreatingCoowner"/>
  <testcase name="testClearRegistrationForm" time="2.113" classname="Selenium.ErrorMessagesCreatingCoowner"/>
</testsuite> <!-- Selenium.ErrorMessagesCreatingCoowner -->
