<?xml version="1.0" encoding="UTF-8"?>
<!-- Generated by org.testng.reporters.JUnitReportReporter -->
<testsuite skipped="0" hostname="PETYAggg-PC" name="tests.selenium.ATQCQ122" tests="5" failures="0" timestamp="12 вер. 2017 16:12:01 GMT" time="55.265" errors="0">
  <testcase name="invalidRegistrationNumber" time="10.964" classname="tests.selenium.ATQCQ122"/>
  <testcase name="invalidRegistrationNumber" time="10.712" classname="tests.selenium.ATQCQ122"/>
  <testcase name="invalidRegistrationNumber" time="11.434" classname="tests.selenium.ATQCQ122"/>
  <testcase name="invalidRegistrationNumber" time="10.825" classname="tests.selenium.ATQCQ122"/>
  <testcase name="invalidRegistrationNumber" time="11.330" classname="tests.selenium.ATQCQ122"/>
</testsuite> <!-- tests.selenium.ATQCQ122 -->
