<?xml version="1.0" encoding="UTF-8"?>
<!-- Generated by org.testng.reporters.JUnitReportReporter -->
<testsuite skipped="0" hostname="PETYAggg-PC" name="tests.selenium.ATQCQ158" tests="4" failures="0" timestamp="08 вер. 2017 13:43:11 GMT" time="20.475" errors="0">
  <testcase name="createCommunity" time="4.344" classname="tests.selenium.ATQCQ158"/>
  <testcase name="createCommunity" time="5.691" classname="tests.selenium.ATQCQ158"/>
  <testcase name="createCommunity" time="5.312" classname="tests.selenium.ATQCQ158"/>
  <testcase name="createCommunity" time="5.128" classname="tests.selenium.ATQCQ158"/>
</testsuite> <!-- tests.selenium.ATQCQ158 -->
