<?xml version="1.0" encoding="UTF-8"?>
<!-- Generated by org.testng.reporters.JUnitReportReporter -->
<testsuite skipped="0" hostname="DESKTOP-F3FS9N9" name="home.home.UrlTest" tests="15" failures="0" timestamp="31 авг 2017 07:32:27 GMT" time="0.031" errors="0">
  <testcase name="parameterString" time="0.000" classname="home.home.UrlTest"/>
  <testcase name="parameterString" time="0.000" classname="home.home.UrlTest"/>
  <testcase name="parameterString" time="0.000" classname="home.home.UrlTest"/>
  <testcase name="parameterString" time="0.000" classname="home.home.UrlTest"/>
  <testcase name="parameterString" time="0.016" classname="home.home.UrlTest"/>
  <testcase name="parameterString" time="0.000" classname="home.home.UrlTest"/>
  <testcase name="parameterString" time="0.000" classname="home.home.UrlTest"/>
  <testcase name="parameterString" time="0.000" classname="home.home.UrlTest"/>
  <testcase name="parameterString" time="0.000" classname="home.home.UrlTest"/>
  <testcase name="parameterString" time="0.000" classname="home.home.UrlTest"/>
  <testcase name="parameterString" time="0.000" classname="home.home.UrlTest"/>
  <testcase name="parameterString" time="0.015" classname="home.home.UrlTest"/>
  <testcase name="parameterString" time="0.000" classname="home.home.UrlTest"/>
  <testcase name="parameterString" time="0.000" classname="home.home.UrlTest"/>
  <testcase name="parameterString" time="0.000" classname="home.home.UrlTest"/>
</testsuite> <!-- home.home.UrlTest -->
