<?xml version="1.0" encoding="UTF-8"?>
<!-- Generated by org.testng.reporters.JUnitReportReporter -->
<testsuite name="LoginAdminTest" tests="2" time="4.004" ignored="0" failures="0" timestamp="15 вер. 2017 07:18:47 GMT" skipped="0" hostname="class88" errors="0">
  <testcase name="checkInvalidLogin" time="1.869" classname="LoginAdminTest"/>
  <testcase name="checkValidLogin" time="2.135" classname="LoginAdminTest"/>
</testsuite> <!-- LoginAdminTest -->
