<?xml version="1.0" encoding="UTF-8"?>
<!-- Generated by org.testng.reporters.JUnitReportReporter -->
<testsuite skipped="0" hostname="PETYAggg-PC" name="tests.selenium.ATQCQ122" tests="5" failures="0" timestamp="13 вер. 2017 07:26:31 GMT" time="37.698" errors="0">
  <testcase name="invalidRegistrationNumber" time="7.064" classname="tests.selenium.ATQCQ122"/>
  <testcase name="invalidRegistrationNumber" time="6.870" classname="tests.selenium.ATQCQ122"/>
  <testcase name="invalidRegistrationNumber" time="9.760" classname="tests.selenium.ATQCQ122"/>
  <testcase name="invalidRegistrationNumber" time="6.830" classname="tests.selenium.ATQCQ122"/>
  <testcase name="invalidRegistrationNumber" time="7.174" classname="tests.selenium.ATQCQ122"/>
</testsuite> <!-- tests.selenium.ATQCQ122 -->
