<?xml version="1.0" encoding="UTF-8"?>
<!-- Generated by org.testng.reporters.JUnitReportReporter -->
<testsuite skipped="0" hostname="PETYAggg-PC" name="ATQCQ158" tests="4" failures="0" timestamp="03 вер. 2017 21:27:34 GMT" time="11.986" errors="0">
  <testcase name="findGroup" time="3.044" classname="ATQCQ158"/>
  <testcase name="findGroup" time="3.067" classname="ATQCQ158"/>
  <testcase name="findGroup" time="2.962" classname="ATQCQ158"/>
  <testcase name="findGroup" time="2.913" classname="ATQCQ158"/>
</testsuite> <!-- ATQCQ158 -->
