<?xml version="1.0" encoding="UTF-8"?>
<!-- Generated by org.testng.reporters.JUnitReportReporter -->
<testsuite name="tests.selenium.GetUSDValue" tests="1" time="9.778" ignored="0" failures="0" timestamp="07 вер. 2017 07:27:45 GMT" skipped="0" hostname="class88" errors="0">
  <testcase name="findGroup" time="9.778" classname="tests.selenium.GetUSDValue"/>
</testsuite> <!-- tests.selenium.GetUSDValue -->
