<?xml version="1.0" encoding="UTF-8"?>
<!-- Generated by org.testng.reporters.JUnitReportReporter -->
<testsuite skipped="0" hostname="DESKTOP-F3FS9N9" name="taskbook.Task88gTest" tests="4" failures="0" timestamp="01 сен 2017 09:11:33 GMT" time="0.012" errors="0">
  <testcase name="testAddOneToNumberR" time="0.000" classname="taskbook.Task88gTest"/>
  <testcase name="testAddOneToNumberR" time="0.000" classname="taskbook.Task88gTest"/>
  <testcase name="testAddOneToNumber" time="0.012" classname="taskbook.Task88gTest"/>
  <testcase name="testAddOneToNumberR" time="0.000" classname="taskbook.Task88gTest"/>
</testsuite> <!-- taskbook.Task88gTest -->
