<?xml version="1.0" encoding="UTF-8"?>
<!-- Generated by org.testng.reporters.JUnitReportReporter -->
<testsuite skipped="0" hostname="DESKTOP-F3FS9N9" name="Selenium.CreateCoowner" tests="1" failures="0" timestamp="12 сен 2017 15:04:00 GMT" time="5.416" errors="0">
  <testcase name="testClearRegistrationForm" time="5.416" classname="Selenium.CreateCoowner"/>
</testsuite> <!-- Selenium.CreateCoowner -->
