<?xml version="1.0" encoding="UTF-8"?>
<!-- Generated by org.testng.reporters.JUnitReportReporter -->
<testsuite skipped="0" hostname="DESKTOP-NIHEK5O" name="com.softserve.edu.wait.Selenium3Javascript" tests="1" failures="0" timestamp="07 Sep 2017 19:37:53 GMT" time="17.010" errors="0">
  <testcase name="testSelen" time="17.010" classname="com.softserve.edu.wait.Selenium3Javascript"/>
</testsuite> <!-- com.softserve.edu.wait.Selenium3Javascript -->
